This is pdfTeX, Version 3.141592653-2.6-1.40.25 (MiKTeX 23.5) (preloaded format=pdflatex 2023.7.1)  9 MAY 2024 00:05
entering extended mode
 restricted \write18 enabled.
 file:line:error style messages enabled.
 %&-line parsing enabled.
**c:/Users/ybuzo/Documents/Projects/PhD/Presentations/BeS-ILL-pres/main.tex
(c:/Users/ybuzo/Documents/Projects/PhD/Presentations/BeS-ILL-pres/main.tex
LaTeX2e <2023-06-01> patch level 1
L3 programming layer <2023-06-16>
(C:\Users\ybuzo\AppData\Local\Programs\MiKTeX\tex/latex/beamer\beamer.cls
Document Class: beamer 2024/01/06 v3.71 A class for typesetting presentations
(C:\Users\ybuzo\AppData\Local\Programs\MiKTeX\tex/latex/beamer\beamerbasemodes.sty (C:\Users\ybuzo\AppData\Local\Programs\MiKTeX\tex/latex/etoolbox\etoolbox.sty
Package: etoolbox 2020/10/05 v2.5k e-TeX tools for LaTeX (JAW)
\etb@tempcnta=\count185
)
\beamer@tempbox=\box51
\beamer@tempcount=\count186
\c@beamerpauses=\count187
 (C:\Users\ybuzo\AppData\Local\Programs\MiKTeX\tex/latex/beamer\beamerbasedecode.sty
\beamer@slideinframe=\count188
\beamer@minimum=\count189
\beamer@decode@box=\box52
)
\beamer@commentbox=\box53
\beamer@modecount=\count190
) (C:\Users\ybuzo\AppData\Local\Programs\MiKTeX\tex/generic/iftex\iftex.sty
Package: iftex 2022/02/03 v1.0f TeX engine tests
)
\headdp=\dimen140
\footheight=\dimen141
\sidebarheight=\dimen142
\beamer@tempdim=\dimen143
\beamer@finalheight=\dimen144
\beamer@animht=\dimen145
\beamer@animdp=\dimen146
\beamer@animwd=\dimen147
\beamer@leftmargin=\dimen148
\beamer@rightmargin=\dimen149
\beamer@leftsidebar=\dimen150
\beamer@rightsidebar=\dimen151
\beamer@boxsize=\dimen152
\beamer@vboxoffset=\dimen153
\beamer@descdefault=\dimen154
\beamer@descriptionwidth=\dimen155
\beamer@lastskip=\skip48
\beamer@areabox=\box54
\beamer@animcurrent=\box55
\beamer@animshowbox=\box56
\beamer@sectionbox=\box57
\beamer@logobox=\box58
\beamer@linebox=\box59
\beamer@sectioncount=\count191
\beamer@subsubsectionmax=\count192
\beamer@subsectionmax=\count193
\beamer@sectionmax=\count194
\beamer@totalheads=\count195
\beamer@headcounter=\count196
\beamer@partstartpage=\count197
\beamer@sectionstartpage=\count198
\beamer@subsectionstartpage=\count199
\beamer@animationtempa=\count266
\beamer@animationtempb=\count267
\beamer@xpos=\count268
\beamer@ypos=\count269
\beamer@ypos@offset=\count270
\beamer@showpartnumber=\count271
\beamer@currentsubsection=\count272
\beamer@coveringdepth=\count273
\beamer@sectionadjust=\count274
\beamer@toclastsection=\count275
\beamer@tocsectionnumber=\count276
 (C:\Users\ybuzo\AppData\Local\Programs\MiKTeX\tex/latex/beamer\beamerbaseoptions.sty (C:\Users\ybuzo\AppData\Local\Programs\MiKTeX\tex/latex/graphics\keyval.sty
Package: keyval 2022/05/29 v1.15 key=value parser (DPC)
\KV@toks@=\toks17
))
\beamer@paperwidth=\skip49
\beamer@paperheight=\skip50
 (C:\Users\ybuzo\AppData\Local\Programs\MiKTeX\tex/latex/geometry\geometry.sty
Package: geometry 2020/01/02 v5.9 Page Geometry
 (C:\Users\ybuzo\AppData\Local\Programs\MiKTeX\tex/generic/iftex\ifvtex.sty
Package: ifvtex 2019/10/25 v1.7 ifvtex legacy package. Use iftex instead.
)
\Gm@cnth=\count277
\Gm@cntv=\count278
\c@Gm@tempcnt=\count279
\Gm@bindingoffset=\dimen156
\Gm@wd@mp=\dimen157
\Gm@odd@mp=\dimen158
\Gm@even@mp=\dimen159
\Gm@layoutwidth=\dimen160
\Gm@layoutheight=\dimen161
\Gm@layouthoffset=\dimen162
\Gm@layoutvoffset=\dimen163
\Gm@dimlist=\toks18
 (C:\Users\ybuzo\AppData\Local\Programs\MiKTeX\tex/latex/geometry\geometry.cfg)) (C:\Users\ybuzo\AppData\Local\Programs\MiKTeX\tex/latex/pgf/math\pgfmath.sty (C:\Users\ybuzo\AppData\Local\Programs\MiKTeX\tex/latex/pgf/utilities\pgfrcs.sty (C:\Users\ybuzo\AppData\Local\Programs\MiKTeX\tex/generic/pgf/utilities\pgfutil-common.tex
\pgfutil@everybye=\toks19
\pgfutil@tempdima=\dimen164
\pgfutil@tempdimb=\dimen165
) (C:\Users\ybuzo\AppData\Local\Programs\MiKTeX\tex/generic/pgf/utilities\pgfutil-latex.def
\pgfutil@abb=\box60
) (C:\Users\ybuzo\AppData\Local\Programs\MiKTeX\tex/generic/pgf/utilities\pgfrcs.code.tex (C:\Users\ybuzo\AppData\Local\Programs\MiKTeX\tex/generic/pgf\pgf.revision.tex)
Package: pgfrcs 2023-01-15 v3.1.10 (3.1.10)
)) (C:\Users\ybuzo\AppData\Local\Programs\MiKTeX\tex/latex/pgf/utilities\pgfkeys.sty (C:\Users\ybuzo\AppData\Local\Programs\MiKTeX\tex/generic/pgf/utilities\pgfkeys.code.tex
\pgfkeys@pathtoks=\toks20
\pgfkeys@temptoks=\toks21
 (C:\Users\ybuzo\AppData\Local\Programs\MiKTeX\tex/generic/pgf/utilities\pgfkeyslibraryfiltered.code.tex
\pgfkeys@tmptoks=\toks22
))) (C:\Users\ybuzo\AppData\Local\Programs\MiKTeX\tex/generic/pgf/math\pgfmath.code.tex (C:\Users\ybuzo\AppData\Local\Programs\MiKTeX\tex/generic/pgf/math\pgfmathutil.code.tex
\pgf@x=\dimen166
\pgf@xa=\dimen167
\pgf@xb=\dimen168
\pgf@xc=\dimen169
\pgf@y=\dimen170
\pgf@ya=\dimen171
\pgf@yb=\dimen172
\pgf@yc=\dimen173
\c@pgf@counta=\count280
\c@pgf@countb=\count281
\c@pgf@countc=\count282
\c@pgf@countd=\count283
) (C:\Users\ybuzo\AppData\Local\Programs\MiKTeX\tex/generic/pgf/math\pgfmathparser.code.tex
\pgfmath@dimen=\dimen174
\pgfmath@count=\count284
\pgfmath@box=\box61
\pgfmath@toks=\toks23
\pgfmath@stack@operand=\toks24
\pgfmath@stack@operation=\toks25
) (C:\Users\ybuzo\AppData\Local\Programs\MiKTeX\tex/generic/pgf/math\pgfmathfunctions.code.tex) (C:\Users\ybuzo\AppData\Local\Programs\MiKTeX\tex/generic/pgf/math\pgfmathfunctions.basic.code.tex) (C:\Users\ybuzo\AppData\Local\Programs\MiKTeX\tex/generic/pgf/math\pgfmathfunctions.trigonometric.code.tex) (C:\Users\ybuzo\AppData\Local\Programs\MiKTeX\tex/generic/pgf/math\pgfmathfunctions.random.code.tex) (C:\Users\ybuzo\AppData\Local\Programs\MiKTeX\tex/generic/pgf/math\pgfmathfunctions.comparison.code.tex) (C:\Users\ybuzo\AppData\Local\Programs\MiKTeX\tex/generic/pgf/math\pgfmathfunctions.base.code.tex) (C:\Users\ybuzo\AppData\Local\Programs\MiKTeX\tex/generic/pgf/math\pgfmathfunctions.round.code.tex) (C:\Users\ybuzo\AppData\Local\Programs\MiKTeX\tex/generic/pgf/math\pgfmathfunctions.misc.code.tex) (C:\Users\ybuzo\AppData\Local\Programs\MiKTeX\tex/generic/pgf/math\pgfmathfunctions.integerarithmetics.code.tex) (C:\Users\ybuzo\AppData\Local\Programs\MiKTeX\tex/generic/pgf/math\pgfmathcalc.code.tex) (C:\Users\ybuzo\AppData\Local\Programs\MiKTeX\tex/generic/pgf/math\pgfmathfloat.code.tex
\c@pgfmathroundto@lastzeros=\count285
))) (C:\Users\ybuzo\AppData\Local\Programs\MiKTeX\tex/latex/base\size11.clo
File: size11.clo 2023/05/17 v1.4n Standard LaTeX file (size option)
) (C:\Users\ybuzo\AppData\Local\Programs\MiKTeX\tex/latex/pgf/basiclayer\pgfcore.sty (C:\Users\ybuzo\AppData\Local\Programs\MiKTeX\tex/latex/graphics\graphicx.sty
Package: graphicx 2021/09/16 v1.2d Enhanced LaTeX Graphics (DPC,SPQR)
 (C:\Users\ybuzo\AppData\Local\Programs\MiKTeX\tex/latex/graphics\graphics.sty
Package: graphics 2022/03/10 v1.4e Standard LaTeX Graphics (DPC,SPQR)
 (C:\Users\ybuzo\AppData\Local\Programs\MiKTeX\tex/latex/graphics\trig.sty
Package: trig 2021/08/11 v1.11 sin cos tan (DPC)
) (C:\Users\ybuzo\AppData\Local\Programs\MiKTeX\tex/latex/graphics-cfg\graphics.cfg
File: graphics.cfg 2016/06/04 v1.11 sample graphics configuration
)
Package graphics Info: Driver file: pdftex.def on input line 107.
 (C:\Users\ybuzo\AppData\Local\Programs\MiKTeX\tex/latex/graphics-def\pdftex.def
File: pdftex.def 2022/09/22 v1.2b Graphics/color driver for pdftex
))
\Gin@req@height=\dimen175
\Gin@req@width=\dimen176
) (C:\Users\ybuzo\AppData\Local\Programs\MiKTeX\tex/latex/pgf/systemlayer\pgfsys.sty (C:\Users\ybuzo\AppData\Local\Programs\MiKTeX\tex/generic/pgf/systemlayer\pgfsys.code.tex
Package: pgfsys 2023-01-15 v3.1.10 (3.1.10)
\pgf@x=\dimen177
\pgf@y=\dimen178
\pgf@xa=\dimen179
\pgf@ya=\dimen180
\pgf@xb=\dimen181
\pgf@yb=\dimen182
\pgf@xc=\dimen183
\pgf@yc=\dimen184
\pgf@xd=\dimen185
\pgf@yd=\dimen186
\w@pgf@writea=\write3
\r@pgf@reada=\read2
\c@pgf@counta=\count286
\c@pgf@countb=\count287
\c@pgf@countc=\count288
\c@pgf@countd=\count289
\t@pgf@toka=\toks26
\t@pgf@tokb=\toks27
\t@pgf@tokc=\toks28
\pgf@sys@id@count=\count290
 (C:\Users\ybuzo\AppData\Local\Programs\MiKTeX\tex/generic/pgf/systemlayer\pgf.cfg
File: pgf.cfg 2023-01-15 v3.1.10 (3.1.10)
)
Driver file for pgf: pgfsys-pdftex.def
 (C:\Users\ybuzo\AppData\Local\Programs\MiKTeX\tex/generic/pgf/systemlayer\pgfsys-pdftex.def
File: pgfsys-pdftex.def 2023-01-15 v3.1.10 (3.1.10)
 (C:\Users\ybuzo\AppData\Local\Programs\MiKTeX\tex/generic/pgf/systemlayer\pgfsys-common-pdf.def
File: pgfsys-common-pdf.def 2023-01-15 v3.1.10 (3.1.10)
))) (C:\Users\ybuzo\AppData\Local\Programs\MiKTeX\tex/generic/pgf/systemlayer\pgfsyssoftpath.code.tex
File: pgfsyssoftpath.code.tex 2023-01-15 v3.1.10 (3.1.10)
\pgfsyssoftpath@smallbuffer@items=\count291
\pgfsyssoftpath@bigbuffer@items=\count292
) (C:\Users\ybuzo\AppData\Local\Programs\MiKTeX\tex/generic/pgf/systemlayer\pgfsysprotocol.code.tex
File: pgfsysprotocol.code.tex 2023-01-15 v3.1.10 (3.1.10)
)) (C:\Users\ybuzo\AppData\Local\Programs\MiKTeX\tex/latex/xcolor\xcolor.sty
Package: xcolor 2022/06/12 v2.14 LaTeX color extensions (UK)
 (C:\Users\ybuzo\AppData\Local\Programs\MiKTeX\tex/latex/graphics-cfg\color.cfg
File: color.cfg 2016/01/02 v1.6 sample color configuration
)
Package xcolor Info: Driver file: pdftex.def on input line 227.
 (C:\Users\ybuzo\AppData\Local\Programs\MiKTeX\tex/latex/graphics\mathcolor.ltx)
Package xcolor Info: Model `cmy' substituted by `cmy0' on input line 1353.
Package xcolor Info: Model `hsb' substituted by `rgb' on input line 1357.
Package xcolor Info: Model `RGB' extended on input line 1369.
Package xcolor Info: Model `HTML' substituted by `rgb' on input line 1371.
Package xcolor Info: Model `Hsb' substituted by `hsb' on input line 1372.
Package xcolor Info: Model `tHsb' substituted by `hsb' on input line 1373.
Package xcolor Info: Model `HSB' substituted by `hsb' on input line 1374.
Package xcolor Info: Model `Gray' substituted by `gray' on input line 1375.
Package xcolor Info: Model `wave' substituted by `hsb' on input line 1376.
) (C:\Users\ybuzo\AppData\Local\Programs\MiKTeX\tex/generic/pgf/basiclayer\pgfcore.code.tex
Package: pgfcore 2023-01-15 v3.1.10 (3.1.10)
 (C:\Users\ybuzo\AppData\Local\Programs\MiKTeX\tex/generic/pgf/math\pgfint.code.tex) (C:\Users\ybuzo\AppData\Local\Programs\MiKTeX\tex/generic/pgf/basiclayer\pgfcorepoints.code.tex
File: pgfcorepoints.code.tex 2023-01-15 v3.1.10 (3.1.10)
\pgf@picminx=\dimen187
\pgf@picmaxx=\dimen188
\pgf@picminy=\dimen189
\pgf@picmaxy=\dimen190
\pgf@pathminx=\dimen191
\pgf@pathmaxx=\dimen192
\pgf@pathminy=\dimen193
\pgf@pathmaxy=\dimen194
\pgf@xx=\dimen195
\pgf@xy=\dimen196
\pgf@yx=\dimen197
\pgf@yy=\dimen198
\pgf@zx=\dimen199
\pgf@zy=\dimen256
) (C:\Users\ybuzo\AppData\Local\Programs\MiKTeX\tex/generic/pgf/basiclayer\pgfcorepathconstruct.code.tex
File: pgfcorepathconstruct.code.tex 2023-01-15 v3.1.10 (3.1.10)
\pgf@path@lastx=\dimen257
\pgf@path@lasty=\dimen258
) (C:\Users\ybuzo\AppData\Local\Programs\MiKTeX\tex/generic/pgf/basiclayer\pgfcorepathusage.code.tex
File: pgfcorepathusage.code.tex 2023-01-15 v3.1.10 (3.1.10)
\pgf@shorten@end@additional=\dimen259
\pgf@shorten@start@additional=\dimen260
) (C:\Users\ybuzo\AppData\Local\Programs\MiKTeX\tex/generic/pgf/basiclayer\pgfcorescopes.code.tex
File: pgfcorescopes.code.tex 2023-01-15 v3.1.10 (3.1.10)
\pgfpic=\box62
\pgf@hbox=\box63
\pgf@layerbox@main=\box64
\pgf@picture@serial@count=\count293
) (C:\Users\ybuzo\AppData\Local\Programs\MiKTeX\tex/generic/pgf/basiclayer\pgfcoregraphicstate.code.tex
File: pgfcoregraphicstate.code.tex 2023-01-15 v3.1.10 (3.1.10)
\pgflinewidth=\dimen261
) (C:\Users\ybuzo\AppData\Local\Programs\MiKTeX\tex/generic/pgf/basiclayer\pgfcoretransformations.code.tex
File: pgfcoretransformations.code.tex 2023-01-15 v3.1.10 (3.1.10)
\pgf@pt@x=\dimen262
\pgf@pt@y=\dimen263
\pgf@pt@temp=\dimen264
) (C:\Users\ybuzo\AppData\Local\Programs\MiKTeX\tex/generic/pgf/basiclayer\pgfcorequick.code.tex
File: pgfcorequick.code.tex 2023-01-15 v3.1.10 (3.1.10)
) (C:\Users\ybuzo\AppData\Local\Programs\MiKTeX\tex/generic/pgf/basiclayer\pgfcoreobjects.code.tex
File: pgfcoreobjects.code.tex 2023-01-15 v3.1.10 (3.1.10)
) (C:\Users\ybuzo\AppData\Local\Programs\MiKTeX\tex/generic/pgf/basiclayer\pgfcorepathprocessing.code.tex
File: pgfcorepathprocessing.code.tex 2023-01-15 v3.1.10 (3.1.10)
) (C:\Users\ybuzo\AppData\Local\Programs\MiKTeX\tex/generic/pgf/basiclayer\pgfcorearrows.code.tex
File: pgfcorearrows.code.tex 2023-01-15 v3.1.10 (3.1.10)
\pgfarrowsep=\dimen265
) (C:\Users\ybuzo\AppData\Local\Programs\MiKTeX\tex/generic/pgf/basiclayer\pgfcoreshade.code.tex
File: pgfcoreshade.code.tex 2023-01-15 v3.1.10 (3.1.10)
\pgf@max=\dimen266
\pgf@sys@shading@range@num=\count294
\pgf@shadingcount=\count295
) (C:\Users\ybuzo\AppData\Local\Programs\MiKTeX\tex/generic/pgf/basiclayer\pgfcoreimage.code.tex
File: pgfcoreimage.code.tex 2023-01-15 v3.1.10 (3.1.10)
) (C:\Users\ybuzo\AppData\Local\Programs\MiKTeX\tex/generic/pgf/basiclayer\pgfcoreexternal.code.tex
File: pgfcoreexternal.code.tex 2023-01-15 v3.1.10 (3.1.10)
\pgfexternal@startupbox=\box65
) (C:\Users\ybuzo\AppData\Local\Programs\MiKTeX\tex/generic/pgf/basiclayer\pgfcorelayers.code.tex
File: pgfcorelayers.code.tex 2023-01-15 v3.1.10 (3.1.10)
) (C:\Users\ybuzo\AppData\Local\Programs\MiKTeX\tex/generic/pgf/basiclayer\pgfcoretransparency.code.tex
File: pgfcoretransparency.code.tex 2023-01-15 v3.1.10 (3.1.10)
) (C:\Users\ybuzo\AppData\Local\Programs\MiKTeX\tex/generic/pgf/basiclayer\pgfcorepatterns.code.tex
File: pgfcorepatterns.code.tex 2023-01-15 v3.1.10 (3.1.10)
) (C:\Users\ybuzo\AppData\Local\Programs\MiKTeX\tex/generic/pgf/basiclayer\pgfcorerdf.code.tex
File: pgfcorerdf.code.tex 2023-01-15 v3.1.10 (3.1.10)
))) (C:\Users\ybuzo\AppData\Local\Programs\MiKTeX\tex/latex/pgf/utilities\xxcolor.sty
Package: xxcolor 2003/10/24 ver 0.1
\XC@nummixins=\count296
\XC@countmixins=\count297
) (C:\Users\ybuzo\AppData\Local\Programs\MiKTeX\tex/latex/base\atbegshi-ltx.sty
Package: atbegshi-ltx 2021/01/10 v1.0c Emulation of the original atbegshi
package with kernel methods
) (C:\Users\ybuzo\AppData\Local\Programs\MiKTeX\tex/latex/hyperref\hyperref.sty
Package: hyperref 2023-05-16 v7.00y Hypertext links for LaTeX
 (C:\Users\ybuzo\AppData\Local\Programs\MiKTeX\tex/generic/ltxcmds\ltxcmds.sty
Package: ltxcmds 2020-05-10 v1.25 LaTeX kernel commands for general use (HO)
) (C:\Users\ybuzo\AppData\Local\Programs\MiKTeX\tex/generic/pdftexcmds\pdftexcmds.sty
Package: pdftexcmds 2020-06-27 v0.33 Utility functions of pdfTeX for LuaTeX (HO)
 (C:\Users\ybuzo\AppData\Local\Programs\MiKTeX\tex/generic/infwarerr\infwarerr.sty
Package: infwarerr 2019/12/03 v1.5 Providing info/warning/error messages (HO)
)
Package pdftexcmds Info: \pdf@primitive is available.
Package pdftexcmds Info: \pdf@ifprimitive is available.
Package pdftexcmds Info: \pdfdraftmode found.
) (C:\Users\ybuzo\AppData\Local\Programs\MiKTeX\tex/latex/kvsetkeys\kvsetkeys.sty
Package: kvsetkeys 2022-10-05 v1.19 Key value parser (HO)
) (C:\Users\ybuzo\AppData\Local\Programs\MiKTeX\tex/generic/kvdefinekeys\kvdefinekeys.sty
Package: kvdefinekeys 2019-12-19 v1.6 Define keys (HO)
) (C:\Users\ybuzo\AppData\Local\Programs\MiKTeX\tex/generic/pdfescape\pdfescape.sty
Package: pdfescape 2019/12/09 v1.15 Implements pdfTeX's escape features (HO)
) (C:\Users\ybuzo\AppData\Local\Programs\MiKTeX\tex/latex/hycolor\hycolor.sty
Package: hycolor 2020-01-27 v1.10 Color options for hyperref/bookmark (HO)
) (C:\Users\ybuzo\AppData\Local\Programs\MiKTeX\tex/latex/letltxmacro\letltxmacro.sty
Package: letltxmacro 2019/12/03 v1.6 Let assignment for LaTeX macros (HO)
) (C:\Users\ybuzo\AppData\Local\Programs\MiKTeX\tex/latex/auxhook\auxhook.sty
Package: auxhook 2019-12-17 v1.6 Hooks for auxiliary files (HO)
) (C:\Users\ybuzo\AppData\Local\Programs\MiKTeX\tex/latex/hyperref\nameref.sty
Package: nameref 2023-05-16 v2.51 Cross-referencing by name of section
 (C:\Users\ybuzo\AppData\Local\Programs\MiKTeX\tex/latex/refcount\refcount.sty
Package: refcount 2019/12/15 v3.6 Data extraction from label references (HO)
) (C:\Users\ybuzo\AppData\Local\Programs\MiKTeX\tex/generic/gettitlestring\gettitlestring.sty
Package: gettitlestring 2019/12/15 v1.6 Cleanup title references (HO)
 (C:\Users\ybuzo\AppData\Local\Programs\MiKTeX\tex/latex/kvoptions\kvoptions.sty
Package: kvoptions 2022-06-15 v3.15 Key value format for package options (HO)
))
\c@section@level=\count298
)
\@linkdim=\dimen267
\Hy@linkcounter=\count299
\Hy@pagecounter=\count300
 (C:\Users\ybuzo\AppData\Local\Programs\MiKTeX\tex/latex/hyperref\pd1enc.def
File: pd1enc.def 2023-05-16 v7.00y Hyperref: PDFDocEncoding definition (HO)
Now handling font encoding PD1 ...
... no UTF-8 mapping file for font encoding PD1
) (C:\Users\ybuzo\AppData\Local\Programs\MiKTeX\tex/generic/intcalc\intcalc.sty
Package: intcalc 2019/12/15 v1.3 Expandable calculations with integers (HO)
)
\Hy@SavedSpaceFactor=\count301
 (C:\Users\ybuzo\AppData\Local\Programs\MiKTeX\tex/latex/hyperref\puenc.def
File: puenc.def 2023-05-16 v7.00y Hyperref: PDF Unicode definition (HO)
Now handling font encoding PU ...
... no UTF-8 mapping file for font encoding PU
)
Package hyperref Info: Option `bookmarks' set `true' on input line 4050.
Package hyperref Info: Option `bookmarksopen' set `true' on input line 4050.
Package hyperref Info: Option `implicit' set `false' on input line 4050.
Package hyperref Info: Hyper figures OFF on input line 4167.
Package hyperref Info: Link nesting OFF on input line 4172.
Package hyperref Info: Hyper index ON on input line 4175.
Package hyperref Info: Plain pages OFF on input line 4182.
Package hyperref Info: Backreferencing OFF on input line 4187.
Package hyperref Info: Implicit mode OFF; no redefinition of LaTeX internals.
Package hyperref Info: Bookmarks ON on input line 4434.
\c@Hy@tempcnt=\count302
 (C:\Users\ybuzo\AppData\Local\Programs\MiKTeX\tex/latex/url\url.sty
\Urlmuskip=\muskip16
Package: url 2013/09/16  ver 3.4  Verb mode for urls, etc.
)
LaTeX Info: Redefining \url on input line 4772.
\XeTeXLinkMargin=\dimen268
 (C:\Users\ybuzo\AppData\Local\Programs\MiKTeX\tex/generic/bitset\bitset.sty
Package: bitset 2019/12/09 v1.3 Handle bit-vector datatype (HO)
 (C:\Users\ybuzo\AppData\Local\Programs\MiKTeX\tex/generic/bigintcalc\bigintcalc.sty
Package: bigintcalc 2019/12/15 v1.5 Expandable calculations on big integers (HO)
))
\Fld@menulength=\count303
\Field@Width=\dimen269
\Fld@charsize=\dimen270
Package hyperref Info: Hyper figures OFF on input line 6051.
Package hyperref Info: Link nesting OFF on input line 6056.
Package hyperref Info: Hyper index ON on input line 6059.
Package hyperref Info: backreferencing OFF on input line 6066.
Package hyperref Info: Link coloring OFF on input line 6071.
Package hyperref Info: Link coloring with OCG OFF on input line 6076.
Package hyperref Info: PDF/A mode OFF on input line 6081.
\Hy@abspage=\count304


Package hyperref Message: Stopped early.

)
Package hyperref Info: Driver (autodetected): hpdftex.
 (C:\Users\ybuzo\AppData\Local\Programs\MiKTeX\tex/latex/hyperref\hpdftex.def
File: hpdftex.def 2023-05-16 v7.00y Hyperref driver for pdfTeX
 (C:\Users\ybuzo\AppData\Local\Programs\MiKTeX\tex/latex/base\atveryend-ltx.sty
Package: atveryend-ltx 2020/08/19 v1.0a Emulation of the original atveryend package
with kernel methods
)
\Fld@listcount=\count305
\c@bookmark@seq@number=\count306
 (C:\Users\ybuzo\AppData\Local\Programs\MiKTeX\tex/latex/rerunfilecheck\rerunfilecheck.sty
Package: rerunfilecheck 2022-07-10 v1.10 Rerun checks for auxiliary files (HO)
 (C:\Users\ybuzo\AppData\Local\Programs\MiKTeX\tex/generic/uniquecounter\uniquecounter.sty
Package: uniquecounter 2019/12/15 v1.4 Provide unlimited unique counter (HO)
)
Package uniquecounter Info: New unique counter `rerunfilecheck' on input line 285.
)) (C:\Users\ybuzo\AppData\Local\Programs\MiKTeX\tex/latex/beamer\beamerbaserequires.sty (C:\Users\ybuzo\AppData\Local\Programs\MiKTeX\tex/latex/beamer\beamerbasecompatibility.sty) (C:\Users\ybuzo\AppData\Local\Programs\MiKTeX\tex/latex/beamer\beamerbasefont.sty (C:\Users\ybuzo\AppData\Local\Programs\MiKTeX\tex/latex/amsfonts\amssymb.sty
Package: amssymb 2013/01/14 v3.01 AMS font symbols
 (C:\Users\ybuzo\AppData\Local\Programs\MiKTeX\tex/latex/amsfonts\amsfonts.sty
Package: amsfonts 2013/01/14 v3.01 Basic AMSFonts support
\@emptytoks=\toks29
\symAMSa=\mathgroup4
\symAMSb=\mathgroup5
LaTeX Font Info:    Redeclaring math symbol \hbar on input line 98.
LaTeX Font Info:    Overwriting math alphabet `\mathfrak' in version `bold'
(Font)                  U/euf/m/n --> U/euf/b/n on input line 106.
)) (C:\Users\ybuzo\AppData\Local\Programs\MiKTeX\tex/latex/sansmathaccent\sansmathaccent.sty
Package: sansmathaccent 2020/01/31
 (C:\Users\ybuzo\AppData\Local\Programs\MiKTeX\tex/latex/koma-script\scrlfile.sty
Package: scrlfile 2023/07/07 v3.41 KOMA-Script package (file load hooks)
 (C:\Users\ybuzo\AppData\Local\Programs\MiKTeX\tex/latex/koma-script\scrlfile-hook.sty
Package: scrlfile-hook 2023/07/07 v3.41 KOMA-Script package (using LaTeX hooks)
 (C:\Users\ybuzo\AppData\Local\Programs\MiKTeX\tex/latex/koma-script\scrlogo.sty
Package: scrlogo 2023/07/07 v3.41 KOMA-Script package (logo)
))))) (C:\Users\ybuzo\AppData\Local\Programs\MiKTeX\tex/latex/beamer\beamerbasetranslator.sty (C:\Users\ybuzo\AppData\Local\Programs\MiKTeX\tex/latex/translator\translator.sty
Package: translator 2021-05-31 v1.12d Easy translation of strings in LaTeX
)) (C:\Users\ybuzo\AppData\Local\Programs\MiKTeX\tex/latex/beamer\beamerbasemisc.sty) (C:\Users\ybuzo\AppData\Local\Programs\MiKTeX\tex/latex/beamer\beamerbasetwoscreens.sty) (C:\Users\ybuzo\AppData\Local\Programs\MiKTeX\tex/latex/beamer\beamerbaseoverlay.sty
\beamer@argscount=\count307
\beamer@lastskipcover=\skip51
\beamer@trivlistdepth=\count308
) (C:\Users\ybuzo\AppData\Local\Programs\MiKTeX\tex/latex/beamer\beamerbasetitle.sty) (C:\Users\ybuzo\AppData\Local\Programs\MiKTeX\tex/latex/beamer\beamerbasesection.sty
\c@lecture=\count309
\c@part=\count310
\c@section=\count311
\c@subsection=\count312
\c@subsubsection=\count313
) (C:\Users\ybuzo\AppData\Local\Programs\MiKTeX\tex/latex/beamer\beamerbaseframe.sty
\beamer@framebox=\box66
\beamer@frametitlebox=\box67
\beamer@zoombox=\box68
\beamer@zoomcount=\count314
\beamer@zoomframecount=\count315
\beamer@frametextheight=\dimen271
\c@subsectionslide=\count316
\beamer@frametopskip=\skip52
\beamer@framebottomskip=\skip53
\beamer@frametopskipautobreak=\skip54
\beamer@framebottomskipautobreak=\skip55
\beamer@envbody=\toks30
\framewidth=\dimen272
\c@framenumber=\count317
) (C:\Users\ybuzo\AppData\Local\Programs\MiKTeX\tex/latex/beamer\beamerbaseverbatim.sty
\beamer@verbatimfileout=\write4
) (C:\Users\ybuzo\AppData\Local\Programs\MiKTeX\tex/latex/beamer\beamerbaseframesize.sty
\beamer@splitbox=\box69
\beamer@autobreakcount=\count318
\beamer@autobreaklastheight=\dimen273
\beamer@frametitletoks=\toks31
\beamer@framesubtitletoks=\toks32
) (C:\Users\ybuzo\AppData\Local\Programs\MiKTeX\tex/latex/beamer\beamerbaseframecomponents.sty
\beamer@footins=\box70
) (C:\Users\ybuzo\AppData\Local\Programs\MiKTeX\tex/latex/beamer\beamerbasecolor.sty) (C:\Users\ybuzo\AppData\Local\Programs\MiKTeX\tex/latex/beamer\beamerbasenotes.sty
\beamer@frameboxcopy=\box71
) (C:\Users\ybuzo\AppData\Local\Programs\MiKTeX\tex/latex/beamer\beamerbasetoc.sty) (C:\Users\ybuzo\AppData\Local\Programs\MiKTeX\tex/latex/beamer\beamerbasetemplates.sty
\beamer@sbttoks=\toks33
 (C:\Users\ybuzo\AppData\Local\Programs\MiKTeX\tex/latex/beamer\beamerbaseauxtemplates.sty (C:\Users\ybuzo\AppData\Local\Programs\MiKTeX\tex/latex/beamer\beamerbaseboxes.sty
\bmb@box=\box72
\bmb@colorbox=\box73
\bmb@boxwidth=\dimen274
\bmb@boxheight=\dimen275
\bmb@prevheight=\dimen276
\bmb@temp=\dimen277
\bmb@dima=\dimen278
\bmb@dimb=\dimen279
\bmb@prevheight=\dimen280
)
\beamer@blockheadheight=\dimen281
)) (C:\Users\ybuzo\AppData\Local\Programs\MiKTeX\tex/latex/beamer\beamerbaselocalstructure.sty (C:\Users\ybuzo\AppData\Local\Programs\MiKTeX\tex/latex/tools\enumerate.sty
Package: enumerate 2015/07/23 v3.00 enumerate extensions (DPC)
\@enLab=\toks34
)
\beamer@bibiconwidth=\skip56
\c@figure=\count319
\c@table=\count320
\abovecaptionskip=\skip57
\belowcaptionskip=\skip58
) (C:\Users\ybuzo\AppData\Local\Programs\MiKTeX\tex/latex/beamer\beamerbasenavigation.sty (C:\Users\ybuzo\AppData\Local\Programs\MiKTeX\tex/latex/beamer\beamerbasenavigationsymbols.tex)
\beamer@section@min@dim=\dimen282
) (C:\Users\ybuzo\AppData\Local\Programs\MiKTeX\tex/latex/beamer\beamerbasetheorems.sty (C:\Users\ybuzo\AppData\Local\Programs\MiKTeX\tex/latex/amsmath\amsmath.sty
Package: amsmath 2023/05/13 v2.17o AMS math features
\@mathmargin=\skip59

For additional information on amsmath, use the `?' option.
(C:\Users\ybuzo\AppData\Local\Programs\MiKTeX\tex/latex/amsmath\amstext.sty
Package: amstext 2021/08/26 v2.01 AMS text
 (C:\Users\ybuzo\AppData\Local\Programs\MiKTeX\tex/latex/amsmath\amsgen.sty
File: amsgen.sty 1999/11/30 v2.0 generic functions
\@emptytoks=\toks35
\ex@=\dimen283
)) (C:\Users\ybuzo\AppData\Local\Programs\MiKTeX\tex/latex/amsmath\amsbsy.sty
Package: amsbsy 1999/11/29 v1.2d Bold Symbols
\pmbraise@=\dimen284
) (C:\Users\ybuzo\AppData\Local\Programs\MiKTeX\tex/latex/amsmath\amsopn.sty
Package: amsopn 2022/04/08 v2.04 operator names
)
\inf@bad=\count321
LaTeX Info: Redefining \frac on input line 234.
\uproot@=\count322
\leftroot@=\count323
LaTeX Info: Redefining \overline on input line 399.
LaTeX Info: Redefining \colon on input line 410.
\classnum@=\count324
\DOTSCASE@=\count325
LaTeX Info: Redefining \ldots on input line 496.
LaTeX Info: Redefining \dots on input line 499.
LaTeX Info: Redefining \cdots on input line 620.
\Mathstrutbox@=\box74
\strutbox@=\box75
LaTeX Info: Redefining \big on input line 722.
LaTeX Info: Redefining \Big on input line 723.
LaTeX Info: Redefining \bigg on input line 724.
LaTeX Info: Redefining \Bigg on input line 725.
\big@size=\dimen285
LaTeX Font Info:    Redeclaring font encoding OML on input line 743.
LaTeX Font Info:    Redeclaring font encoding OMS on input line 744.
\macc@depth=\count326
LaTeX Info: Redefining \bmod on input line 905.
LaTeX Info: Redefining \pmod on input line 910.
LaTeX Info: Redefining \smash on input line 940.
LaTeX Info: Redefining \relbar on input line 970.
LaTeX Info: Redefining \Relbar on input line 971.
\c@MaxMatrixCols=\count327
\dotsspace@=\muskip17
\c@parentequation=\count328
\dspbrk@lvl=\count329
\tag@help=\toks36
\row@=\count330
\column@=\count331
\maxfields@=\count332
\andhelp@=\toks37
\eqnshift@=\dimen286
\alignsep@=\dimen287
\tagshift@=\dimen288
\tagwidth@=\dimen289
\totwidth@=\dimen290
\lineht@=\dimen291
\@envbody=\toks38
\multlinegap=\skip60
\multlinetaggap=\skip61
\mathdisplay@stack=\toks39
LaTeX Info: Redefining \[ on input line 2953.
LaTeX Info: Redefining \] on input line 2954.
) (C:\Users\ybuzo\AppData\Local\Programs\MiKTeX\tex/latex/amscls\amsthm.sty
Package: amsthm 2020/05/29 v2.20.6
\thm@style=\toks40
\thm@bodyfont=\toks41
\thm@headfont=\toks42
\thm@notefont=\toks43
\thm@headpunct=\toks44
\thm@preskip=\skip62
\thm@postskip=\skip63
\thm@headsep=\skip64
\dth@everypar=\toks45
)
\c@theorem=\count333
) (C:\Users\ybuzo\AppData\Local\Programs\MiKTeX\tex/latex/beamer\beamerbasethemes.sty)) (C:\Users\ybuzo\AppData\Local\Programs\MiKTeX\tex/latex/beamer\beamerthemedefault.sty (C:\Users\ybuzo\AppData\Local\Programs\MiKTeX\tex/latex/beamer\beamerfontthemedefault.sty) (C:\Users\ybuzo\AppData\Local\Programs\MiKTeX\tex/latex/beamer\beamercolorthemedefault.sty) (C:\Users\ybuzo\AppData\Local\Programs\MiKTeX\tex/latex/beamer\beamerinnerthemedefault.sty
\beamer@dima=\dimen292
\beamer@dimb=\dimen293
) (C:\Users\ybuzo\AppData\Local\Programs\MiKTeX\tex/latex/beamer\beamerouterthemedefault.sty))) (beamerthemeucl.sty (beamercolorthemeucl.sty (uclcolors.sty
Package: uclcolors 
)) (C:\Users\ybuzo\AppData\Local\Programs\MiKTeX\tex/latex/tools\calc.sty
Package: calc 2017/05/25 v4.3 Infix arithmetic (KKT,FJ)
\calc@Acount=\count334
\calc@Bcount=\count335
\calc@Adimen=\dimen294
\calc@Bdimen=\dimen295
\calc@Askip=\skip65
\calc@Bskip=\skip66
LaTeX Info: Redefining \setlength on input line 80.
LaTeX Info: Redefining \addtolength on input line 81.
\calc@Ccount=\count336
\calc@Cskip=\skip67
)
\bannerheight=\skip68
\stripeheight=\skip69
\bannerimagetrim=\skip70


pdfTeX warning: pdflatex (file ./banners/uclbannerblack.pdf): PDF inclusion: found PDF version <1.6>, but at most version <1.5> allowed
<banners/uclbannerblack.pdf, id=10, 364.19562pt x 29.02182pt>
File: banners/uclbannerblack.pdf Graphic file (type pdf)
<use banners/uclbannerblack.pdf>
Package pdftex.def Info: banners/uclbannerblack.pdf  used on input line 23.
(pdftex.def)             Requested size: 364.19536pt x 29.02217pt.
(C:\Users\ybuzo\AppData\Local\Programs\MiKTeX\tex/latex/beamer\beamerinnerthemerectangles.sty) (C:\Users\ybuzo\AppData\Local\Programs\MiKTeX\tex/latex/psnfss\helvet.sty
Package: helvet 2020/03/25 PSNFSS-v9.3 (WaS) 
) (C:\Users\ybuzo\AppData\Local\Programs\MiKTeX\tex/latex/eulervm\eulervm.sty
Package: eulervm 2005/01/11 v4.0 (WaS)
)) (package.tex (C:\Users\ybuzo\AppData\Local\Programs\MiKTeX\tex/latex/multirow\multirow.sty
Package: multirow 2021/03/15 v2.8 Span multiple rows of a table
\multirow@colwidth=\skip71
\multirow@cntb=\count337
\multirow@dima=\skip72
\bigstrutjot=\dimen296
) (C:\Users\ybuzo\AppData\Local\Programs\MiKTeX\tex/latex/stmaryrd\stmaryrd.sty
Package: stmaryrd 1994/03/03 St Mary's Road symbol package
\symstmry=\mathgroup6
LaTeX Font Info:    Overwriting symbol font `stmry' in version `bold'
(Font)                  U/stmry/m/n --> U/stmry/b/n on input line 89.
) (C:\Users\ybuzo\AppData\Local\Programs\MiKTeX\tex/latex/jknappen\mathrsfs.sty
Package: mathrsfs 1996/01/01 Math RSFS package v1.0 (jk)
\symrsfs=\mathgroup7
) (C:\Users\ybuzo\AppData\Local\Programs\MiKTeX\tex/latex/appendix\appendix.sty
Package: appendix 2020/02/08 v1.2c extra appendix facilities
\c@@pps=\count338
\c@@ppsavesec=\count339
\c@@ppsaveapp=\count340
) (C:\Users\ybuzo\AppData\Local\Programs\MiKTeX\tex/latex/base\textcomp.sty
Package: textcomp 2020/02/02 v2.0n Standard LaTeX package
) (C:\Users\ybuzo\AppData\Local\Programs\MiKTeX\tex/latex/ncctools\manyfoot.sty
Package: manyfoot 2019/08/03 v1.11 Many Footnote Levels Package (NCC)
 (C:\Users\ybuzo\AppData\Local\Programs\MiKTeX\tex/latex/ncctools\nccfoots.sty
Package: nccfoots 2005/02/03 v1.2 NCC Footnotes Package (NCC)
)
\MFL@columnwidth=\dimen297
) (C:\Users\ybuzo\AppData\Local\Programs\MiKTeX\tex/latex/booktabs\booktabs.sty
Package: booktabs 2020/01/12 v1.61803398 Publication quality tables
\heavyrulewidth=\dimen298
\lightrulewidth=\dimen299
\cmidrulewidth=\dimen300
\belowrulesep=\dimen301
\belowbottomsep=\dimen302
\aboverulesep=\dimen303
\abovetopsep=\dimen304
\cmidrulesep=\dimen305
\cmidrulekern=\dimen306
\defaultaddspace=\dimen307
\@cmidla=\count341
\@cmidlb=\count342
\@aboverulesep=\dimen308
\@belowrulesep=\dimen309
\@thisruleclass=\count343
\@lastruleclass=\count344
\@thisrulewidth=\dimen310
) (C:\Users\ybuzo\AppData\Local\Programs\MiKTeX\tex/latex/algorithms\algorithm.sty
Package: algorithm 2009/08/24 v0.1 Document Style `algorithm' - floating environment
 (C:\Users\ybuzo\AppData\Local\Programs\MiKTeX\tex/latex/float\float.sty
Package: float 2001/11/08 v1.3d Float enhancements (AL)
\c@float@type=\count345
\float@exts=\toks46
\float@box=\box76
\@float@everytoks=\toks47
\@floatcapt=\box77
) (C:\Users\ybuzo\AppData\Local\Programs\MiKTeX\tex/latex/base\ifthen.sty
Package: ifthen 2022/04/13 v1.1d Standard LaTeX ifthen package (DPC)
)
\@float@every@algorithm=\toks48
\c@algorithm=\count346
) (C:\Users\ybuzo\AppData\Local\Programs\MiKTeX\tex/latex/algorithmicx\algorithmicx.sty
Package: algorithmicx 2005/04/27 v1.2 Algorithmicx

Document Style algorithmicx 1.2 - a greatly improved `algorithmic' style
\c@ALG@line=\count347
\c@ALG@rem=\count348
\c@ALG@nested=\count349
\ALG@tlm=\skip73
\ALG@thistlm=\skip74
\c@ALG@Lnr=\count350
\c@ALG@blocknr=\count351
\c@ALG@storecount=\count352
\c@ALG@tmpcounter=\count353
\ALG@tmplength=\skip75
) (C:\Users\ybuzo\AppData\Local\Programs\MiKTeX\tex/latex/algorithmicx\algpseudocode.sty
Package: algpseudocode 

Document Style - pseudocode environments for use with the `algorithmicx' style
) (C:\Users\ybuzo\AppData\Local\Programs\MiKTeX\tex/latex/listings\listings.sty
\lst@mode=\count354
\lst@gtempboxa=\box78
\lst@token=\toks49
\lst@length=\count355
\lst@currlwidth=\dimen311
\lst@column=\count356
\lst@pos=\count357
\lst@lostspace=\dimen312
\lst@width=\dimen313
\lst@newlines=\count358
\lst@lineno=\count359
\lst@maxwidth=\dimen314
 (C:\Users\ybuzo\AppData\Local\Programs\MiKTeX\tex/latex/listings\lstmisc.sty
File: lstmisc.sty 2023/02/27 1.9 (Carsten Heinz)
\c@lstnumber=\count360
\lst@skipnumbers=\count361
\lst@framebox=\box79
) (C:\Users\ybuzo\AppData\Local\Programs\MiKTeX\tex/latex/listings\listings.cfg
File: listings.cfg 2023/02/27 1.9 listings configuration
))
Package: listings 2023/02/27 1.9 (Carsten Heinz)
 (C:\Users\ybuzo\AppData\Local\Programs\MiKTeX\tex/latex/orcidlink\orcidlink.sty
Package: orcidlink 2023/12/30 v1.0.5 Linked ORCiD logo macro package
 (C:\Users\ybuzo\AppData\Local\Programs\MiKTeX\tex/latex/pgf/frontendlayer\tikz.sty (C:\Users\ybuzo\AppData\Local\Programs\MiKTeX\tex/latex/pgf/basiclayer\pgf.sty
Package: pgf 2023-01-15 v3.1.10 (3.1.10)
 (C:\Users\ybuzo\AppData\Local\Programs\MiKTeX\tex/generic/pgf/modules\pgfmoduleshapes.code.tex
File: pgfmoduleshapes.code.tex 2023-01-15 v3.1.10 (3.1.10)
\pgfnodeparttextbox=\box80
) (C:\Users\ybuzo\AppData\Local\Programs\MiKTeX\tex/generic/pgf/modules\pgfmoduleplot.code.tex
File: pgfmoduleplot.code.tex 2023-01-15 v3.1.10 (3.1.10)
) (C:\Users\ybuzo\AppData\Local\Programs\MiKTeX\tex/latex/pgf/compatibility\pgfcomp-version-0-65.sty
Package: pgfcomp-version-0-65 2023-01-15 v3.1.10 (3.1.10)
\pgf@nodesepstart=\dimen315
\pgf@nodesepend=\dimen316
) (C:\Users\ybuzo\AppData\Local\Programs\MiKTeX\tex/latex/pgf/compatibility\pgfcomp-version-1-18.sty
Package: pgfcomp-version-1-18 2023-01-15 v3.1.10 (3.1.10)
)) (C:\Users\ybuzo\AppData\Local\Programs\MiKTeX\tex/latex/pgf/utilities\pgffor.sty (C:\Users\ybuzo\AppData\Local\Programs\MiKTeX\tex/generic/pgf/utilities\pgffor.code.tex
Package: pgffor 2023-01-15 v3.1.10 (3.1.10)
\pgffor@iter=\dimen317
\pgffor@skip=\dimen318
\pgffor@stack=\toks50
\pgffor@toks=\toks51
)) (C:\Users\ybuzo\AppData\Local\Programs\MiKTeX\tex/generic/pgf/frontendlayer/tikz\tikz.code.tex
Package: tikz 2023-01-15 v3.1.10 (3.1.10)
 (C:\Users\ybuzo\AppData\Local\Programs\MiKTeX\tex/generic/pgf/libraries\pgflibraryplothandlers.code.tex
File: pgflibraryplothandlers.code.tex 2023-01-15 v3.1.10 (3.1.10)
\pgf@plot@mark@count=\count362
\pgfplotmarksize=\dimen319
)
\tikz@lastx=\dimen320
\tikz@lasty=\dimen321
\tikz@lastxsaved=\dimen322
\tikz@lastysaved=\dimen323
\tikz@lastmovetox=\dimen324
\tikz@lastmovetoy=\dimen325
\tikzleveldistance=\dimen326
\tikzsiblingdistance=\dimen327
\tikz@figbox=\box81
\tikz@figbox@bg=\box82
\tikz@tempbox=\box83
\tikz@tempbox@bg=\box84
\tikztreelevel=\count363
\tikznumberofchildren=\count364
\tikznumberofcurrentchild=\count365
\tikz@fig@count=\count366
 (C:\Users\ybuzo\AppData\Local\Programs\MiKTeX\tex/generic/pgf/modules\pgfmodulematrix.code.tex
File: pgfmodulematrix.code.tex 2023-01-15 v3.1.10 (3.1.10)
\pgfmatrixcurrentrow=\count367
\pgfmatrixcurrentcolumn=\count368
\pgf@matrix@numberofcolumns=\count369
)
\tikz@expandcount=\count370
 (C:\Users\ybuzo\AppData\Local\Programs\MiKTeX\tex/generic/pgf/frontendlayer/tikz/libraries\tikzlibrarytopaths.code.tex
File: tikzlibrarytopaths.code.tex 2023-01-15 v3.1.10 (3.1.10)
))) (C:\Users\ybuzo\AppData\Local\Programs\MiKTeX\tex/generic/pgf/frontendlayer/tikz/libraries\tikzlibrarysvg.path.code.tex
File: tikzlibrarysvg.path.code.tex 2023-01-15 v3.1.10 (3.1.10)
 (C:\Users\ybuzo\AppData\Local\Programs\MiKTeX\tex/generic/pgf/libraries\pgflibrarysvg.path.code.tex
File: pgflibrarysvg.path.code.tex 2023-01-15 v3.1.10 (3.1.10)
 (C:\Users\ybuzo\AppData\Local\Programs\MiKTeX\tex/generic/pgf/modules\pgfmoduleparser.code.tex
File: pgfmoduleparser.code.tex 2023-01-15 v3.1.10 (3.1.10)
\pgfparserdef@arg@count=\count371
)
\pgf@lib@svg@last@x=\dimen328
\pgf@lib@svg@last@y=\dimen329
\pgf@lib@svg@last@c@x=\dimen330
\pgf@lib@svg@last@c@y=\dimen331
\pgf@lib@svg@count=\count372
\pgf@lib@svg@max@num=\count373
))
\@curXheight=\skip76
) (C:\Users\ybuzo\AppData\Local\Programs\MiKTeX\tex/latex/comment\comment.sty
\CommentStream=\write5
 Excluding comment 'comment') (C:\Users\ybuzo\AppData\Local\Programs\MiKTeX\tex/latex/mathtools\mathtools.sty
Package: mathtools 2022/06/29 v1.29 mathematical typesetting tools
 (C:\Users\ybuzo\AppData\Local\Programs\MiKTeX\tex/latex/mathtools\mhsetup.sty
Package: mhsetup 2021/03/18 v1.4 programming setup (MH)
)
\g_MT_multlinerow_int=\count374
\l_MT_multwidth_dim=\dimen332
\origjot=\skip77
\l_MT_shortvdotswithinadjustabove_dim=\dimen333
\l_MT_shortvdotswithinadjustbelow_dim=\dimen334
\l_MT_above_intertext_sep=\dimen335
\l_MT_below_intertext_sep=\dimen336
\l_MT_above_shortintertext_sep=\dimen337
\l_MT_below_shortintertext_sep=\dimen338
\xmathstrut@box=\box85
\xmathstrut@dim=\dimen339
) (C:\Users\ybuzo\AppData\Local\Programs\MiKTeX\tex/latex/enumitem\enumitem.sty
Package: enumitem 2019/06/20 v3.9 Customized lists
\labelindent=\skip78
\enit@outerparindent=\dimen340
\enit@toks=\toks52
\enit@inbox=\box86
\enit@count@id=\count375
\enitdp@description=\count376
) (C:\Users\ybuzo\AppData\Local\Programs\MiKTeX\tex/latex/jknappen\mathbbol.sty
Package: mathbbol 1995/01/01
\symbbold=\mathgroup8
) (C:\Users\ybuzo\AppData\Local\Programs\MiKTeX\tex/latex/bussproofs\bussproofs.sty
Proof Tree (bussproofs) style macros. Version 1.1.
\theLevel=\count377
\myMaxLevel=\count378
\myBoxA=\box87
\myBoxB=\box88
\myBoxC=\box89
\myBoxD=\box90
\myBoxLL=\box91
\myBoxRL=\box92
\thisAboveSkip=\dimen341
\thisBelowSkip=\dimen342
\newScoreStart=\dimen343
\newScoreEnd=\dimen344
\newCenter=\dimen345
\displace=\dimen346
\leftLowerAmt=\dimen347
\rightLowerAmt=\dimen348
\scoreHeight=\dimen349
\scoreDepth=\dimen350
\htLbox=\dimen351
\htRbox=\dimen352
\htRRbox=\dimen353
\htRRRbox=\dimen354
\htAbox=\dimen355
\htCbox=\dimen356
) (C:\Users\ybuzo\AppData\Local\Programs\MiKTeX\tex/latex/lkproof\proof.sty
\inferLineSkip=\dimen357
\inferLabelSkip=\dimen358
\@LeftOffset=\dimen359
\@RightOffset=\dimen360
\@SavedLeftOffset=\dimen361
\UpperWidth=\dimen362
\LowerWidth=\dimen363
\LowerHeight=\dimen364
\UpperLeftOffset=\dimen365
\UpperRightOffset=\dimen366
\UpperCenter=\dimen367
\LowerCenter=\dimen368
\UpperAdjust=\dimen369
\RuleAdjust=\dimen370
\LowerAdjust=\dimen371
\RuleWidth=\dimen372
\HLabelAdjust=\dimen373
\VLabelAdjust=\dimen374
\WidthAdjust=\dimen375
\@UpperPart=\box93
\@LowerPart=\box94
\@LabelPart=\box95
\ResultBox=\box96
)) (macro.tex) (beamerinnerthemeblockborder.sty)
LaTeX Font Info:    Trying to load font information for OT1+phv on input line 33.
 (C:\Users\ybuzo\AppData\Local\Programs\MiKTeX\tex/latex/psnfss\ot1phv.fd
File: ot1phv.fd 2020/03/25 scalable font definitions for OT1/phv.
)
LaTeX Font Info:    Font shape `OT1/phv/m/n' will be
(Font)              scaled to size 10.40245pt on input line 33.
 (C:\Users\ybuzo\AppData\Local\Programs\MiKTeX\tex/latex/l3backend\l3backend-pdftex.def
File: l3backend-pdftex.def 2023-04-19 L3 backend support: PDF output (pdfTeX)
\l__color_backend_stack_int=\count379
\l__pdf_internal_box=\box97
) (main.aux)
\openout1 = `main.aux'.

LaTeX Font Info:    Checking defaults for OML/cmm/m/it on input line 33.
LaTeX Font Info:    ... okay on input line 33.
LaTeX Font Info:    Checking defaults for OMS/cmsy/m/n on input line 33.
LaTeX Font Info:    ... okay on input line 33.
LaTeX Font Info:    Checking defaults for OT1/cmr/m/n on input line 33.
LaTeX Font Info:    ... okay on input line 33.
LaTeX Font Info:    Checking defaults for T1/cmr/m/n on input line 33.
LaTeX Font Info:    ... okay on input line 33.
LaTeX Font Info:    Checking defaults for TS1/cmr/m/n on input line 33.
LaTeX Font Info:    ... okay on input line 33.
LaTeX Font Info:    Checking defaults for OMX/cmex/m/n on input line 33.
LaTeX Font Info:    ... okay on input line 33.
LaTeX Font Info:    Checking defaults for U/cmr/m/n on input line 33.
LaTeX Font Info:    ... okay on input line 33.
LaTeX Font Info:    Checking defaults for PD1/pdf/m/n on input line 33.
LaTeX Font Info:    ... okay on input line 33.
LaTeX Font Info:    Checking defaults for PU/pdf/m/n on input line 33.
LaTeX Font Info:    ... okay on input line 33.

*geometry* driver: auto-detecting
*geometry* detected driver: pdftex
*geometry* verbose mode - [ preamble ] result:
* driver: pdftex
* paper: custom
* layout: <same size as paper>
* layoutoffset:(h,v)=(0.0pt,0.0pt)
* modes: includehead includefoot 
* h-part:(L,W,R)=(15.32997pt, 333.53542pt, 15.32997pt)
* v-part:(T,H,B)=(0.0pt, 273.14662pt, 0.0pt)
* \paperwidth=364.19536pt
* \paperheight=273.14662pt
* \textwidth=333.53542pt
* \textheight=244.6939pt
* \oddsidemargin=-56.94002pt
* \evensidemargin=-56.94002pt
* \topmargin=-72.26999pt
* \headheight=14.22636pt
* \headsep=0.0pt
* \topskip=11.0pt
* \footskip=14.22636pt
* \marginparwidth=4.0pt
* \marginparsep=10.0pt
* \columnsep=10.0pt
* \skip\footins=10.0pt plus 4.0pt minus 2.0pt
* \hoffset=0.0pt
* \voffset=0.0pt
* \mag=1000
* \@twocolumnfalse
* \@twosidefalse
* \@mparswitchfalse
* \@reversemarginfalse
* (1in=72.27pt=25.4mm, 1cm=28.453pt)

(C:\Users\ybuzo\AppData\Local\Programs\MiKTeX\tex/context/base/mkii\supp-pdf.mkii
[Loading MPS to PDF converter (version 2006.09.02).]
\scratchcounter=\count380
\scratchdimen=\dimen376
\scratchbox=\box98
\nofMPsegments=\count381
\nofMParguments=\count382
\everyMPshowfont=\toks53
\MPscratchCnt=\count383
\MPscratchDim=\dimen377
\MPnumerator=\count384
\makeMPintoPDFobject=\count385
\everyMPtoPDFconversion=\toks54
) (C:\Users\ybuzo\AppData\Local\Programs\MiKTeX\tex/latex/epstopdf-pkg\epstopdf-base.sty
Package: epstopdf-base 2020-01-24 v2.11 Base part for package epstopdf
Package epstopdf-base Info: Redefining graphics rule for `.eps' on input line 485.
 (C:\Users\ybuzo\AppData\Local\Programs\MiKTeX\tex/latex/00miktex\epstopdf-sys.cfg
File: epstopdf-sys.cfg 2021/03/18 v2.0 Configuration of epstopdf for MiKTeX
))
Package hyperref Info: Link coloring OFF on input line 33.
 (main.out) (main.out)
\@outlinefile=\write6
\openout6 = `main.out'.

LaTeX Font Info:    Overwriting symbol font `operators' in version `normal'
(Font)                  OT1/phv/m/n --> OT1/cmss/m/n on input line 33.
LaTeX Font Info:    Overwriting symbol font `operators' in version `bold'
(Font)                  OT1/phv/b/n --> OT1/cmss/b/n on input line 33.
\symnumbers=\mathgroup9
\sympureletters=\mathgroup10
LaTeX Font Info:    Overwriting math alphabet `\mathrm' in version `normal'
(Font)                  OT1/cmss/m/n --> OT1/cmr/m/n on input line 33.
LaTeX Font Info:    Redeclaring math alphabet \mathbf on input line 33.
LaTeX Font Info:    Overwriting math alphabet `\mathbf' in version `normal'
(Font)                  OT1/cmr/b/n --> OT1/phv/b/n on input line 33.
LaTeX Font Info:    Overwriting math alphabet `\mathbf' in version `bold'
(Font)                  OT1/cmr/b/n --> OT1/phv/b/n on input line 33.
LaTeX Font Info:    Redeclaring math alphabet \mathsf on input line 33.
LaTeX Font Info:    Overwriting math alphabet `\mathsf' in version `normal'
(Font)                  OT1/phv/m/n --> OT1/phv/m/n on input line 33.
LaTeX Font Info:    Overwriting math alphabet `\mathsf' in version `bold'
(Font)                  OT1/phv/b/n --> OT1/phv/m/n on input line 33.
LaTeX Font Info:    Redeclaring math alphabet \mathit on input line 33.
LaTeX Font Info:    Overwriting math alphabet `\mathit' in version `normal'
(Font)                  OT1/cmr/m/it --> OT1/phv/m/it on input line 33.
LaTeX Font Info:    Overwriting math alphabet `\mathit' in version `bold'
(Font)                  OT1/cmr/b/it --> OT1/phv/m/it on input line 33.
LaTeX Font Info:    Redeclaring math alphabet \mathtt on input line 33.
LaTeX Font Info:    Overwriting math alphabet `\mathtt' in version `normal'
(Font)                  OT1/cmtt/m/n --> OT1/cmtt/m/n on input line 33.
LaTeX Font Info:    Overwriting math alphabet `\mathtt' in version `bold'
(Font)                  OT1/cmtt/b/n --> OT1/cmtt/m/n on input line 33.
LaTeX Font Info:    Overwriting symbol font `numbers' in version `bold'
(Font)                  OT1/phv/m/n --> OT1/phv/b/n on input line 33.
LaTeX Font Info:    Overwriting symbol font `pureletters' in version `bold'
(Font)                  OT1/phv/m/it --> OT1/phv/b/it on input line 33.
LaTeX Font Info:    Overwriting math alphabet `\mathrm' in version `bold'
(Font)                  OT1/cmss/b/n --> OT1/cmr/b/n on input line 33.
LaTeX Font Info:    Overwriting math alphabet `\mathbf' in version `bold'
(Font)                  OT1/phv/b/n --> OT1/phv/b/n on input line 33.
LaTeX Font Info:    Overwriting math alphabet `\mathsf' in version `bold'
(Font)                  OT1/phv/m/n --> OT1/phv/b/n on input line 33.
LaTeX Font Info:    Overwriting math alphabet `\mathit' in version `bold'
(Font)                  OT1/phv/m/it --> OT1/phv/b/it on input line 33.
LaTeX Font Info:    Overwriting math alphabet `\mathtt' in version `bold'
(Font)                  OT1/cmtt/m/n --> OT1/cmtt/b/n on input line 33.
 (C:\Users\ybuzo\AppData\Local\Programs\MiKTeX\tex/latex/translator\translator-basic-dictionary-English.dict
Dictionary: translator-basic-dictionary, Language: English 
) (C:\Users\ybuzo\AppData\Local\Programs\MiKTeX\tex/latex/translator\translator-bibliography-dictionary-English.dict
Dictionary: translator-bibliography-dictionary, Language: English 
) (C:\Users\ybuzo\AppData\Local\Programs\MiKTeX\tex/latex/translator\translator-environment-dictionary-English.dict
Dictionary: translator-environment-dictionary, Language: English 
) (C:\Users\ybuzo\AppData\Local\Programs\MiKTeX\tex/latex/translator\translator-months-dictionary-English.dict
Dictionary: translator-months-dictionary, Language: English 
) (C:\Users\ybuzo\AppData\Local\Programs\MiKTeX\tex/latex/translator\translator-numbers-dictionary-English.dict
Dictionary: translator-numbers-dictionary, Language: English 
) (C:\Users\ybuzo\AppData\Local\Programs\MiKTeX\tex/latex/translator\translator-theorem-dictionary-English.dict
Dictionary: translator-theorem-dictionary, Language: English 
)
\c@lstlisting=\count386
 (main.nav)
LaTeX Font Info:    Font shape `OT1/phv/m/n' will be
(Font)              scaled to size 5.69998pt on input line 33.
LaTeX Font Info:    Font shape `OT1/phv/m/n' will be
(Font)              scaled to size 13.67995pt on input line 38.
LaTeX Font Info:    Font shape `OT1/phv/m/n' will be
(Font)              scaled to size 7.59998pt on input line 38.


pdfTeX warning: pdflatex (file ./banners/uclbannerdarkpurple.pdf): PDF inclusion: found PDF version <1.6>, but at most version <1.5> allowed
<banners/uclbannerdarkpurple.pdf, id=35, 364.19562pt x 29.02182pt>
File: banners/uclbannerdarkpurple.pdf Graphic file (type pdf)
<use banners/uclbannerdarkpurple.pdf>
Package pdftex.def Info: banners/uclbannerdarkpurple.pdf  used on input line 38.
(pdftex.def)             Requested size: 364.19536pt x 29.02217pt.
LaTeX Font Info:    Font shape `OT1/phv/m/n' will be
(Font)              scaled to size 3.79999pt on input line 38.
[1

{C:/Users/ybuzo/AppData/Local/MiKTeX/fonts/map/pdftex/pdftex.map}{C:/Users/ybuzo/AppData/Local/Programs/MiKTeX/fonts/enc/dvips/base/8r.enc} <./banners/uclbannerdarkpurple.pdf>]
File: banners/uclbannerdarkpurple.pdf Graphic file (type pdf)
<use banners/uclbannerdarkpurple.pdf>
Package pdftex.def Info: banners/uclbannerdarkpurple.pdf  used on input line 50.
(pdftex.def)             Requested size: 364.19536pt x 29.02217pt.
 [2

]
File: banners/uclbannerdarkpurple.pdf Graphic file (type pdf)
<use banners/uclbannerdarkpurple.pdf>
Package pdftex.def Info: banners/uclbannerdarkpurple.pdf  used on input line 50.
(pdftex.def)             Requested size: 364.19536pt x 29.02217pt.
 [3

] (main.toc
LaTeX Font Info:    Font shape `OT1/phv/m/n' will be
(Font)              scaled to size 9.49997pt on input line 1.
)
File: banners/uclbannerdarkpurple.pdf Graphic file (type pdf)
<use banners/uclbannerdarkpurple.pdf>
Package pdftex.def Info: banners/uclbannerdarkpurple.pdf  used on input line 55.
(pdftex.def)             Requested size: 364.19536pt x 29.02217pt.
 [4

]
LaTeX Font Info:    Font shape `OT1/phv/m/it' in size <10.95> not available
(Font)              Font shape `OT1/phv/m/sl' tried instead on input line 68.
LaTeX Font Info:    Font shape `OT1/phv/m/sl' will be
(Font)              scaled to size 10.40245pt on input line 68.
LaTeX Font Info:    Font shape `OT1/phv/m/n' will be
(Font)              scaled to size 11.39996pt on input line 68.
LaTeX Font Info:    Trying to load font information for U+zeur on input line 68.
 (C:\Users\ybuzo\AppData\Local\Programs\MiKTeX\tex/latex/eulervm\uzeur.fd
File: uzeur.fd 2005/01/11 v4.0 (WaS)
)
LaTeX Font Info:    Trying to load font information for U+zeus on input line 68.
 (C:\Users\ybuzo\AppData\Local\Programs\MiKTeX\tex/latex/eulervm\uzeus.fd
File: uzeus.fd 2005/01/11 v4.0 (WaS)
)
LaTeX Font Info:    Trying to load font information for U+zeuex on input line 68.
 (C:\Users\ybuzo\AppData\Local\Programs\MiKTeX\tex/latex/eulervm\uzeuex.fd
File: uzeuex.fd 2005/01/11 v4.0 (WaS)
)
LaTeX Font Info:    Trying to load font information for U+stmry on input line 68.
 (C:\Users\ybuzo\AppData\Local\Programs\MiKTeX\tex/latex/stmaryrd\ustmry.fd)
LaTeX Font Info:    Trying to load font information for U+rsfs on input line 68.
 (C:\Users\ybuzo\AppData\Local\Programs\MiKTeX\tex/latex/jknappen\ursfs.fd
File: ursfs.fd 1998/03/24 rsfs font definition file (jk)
)
LaTeX Font Info:    Trying to load font information for U+bbold on input line 68.
 (C:\Users\ybuzo\AppData\Local\Programs\MiKTeX\tex/latex/bbold\ubbold.fd)
LaTeX Font Info:    Font shape `OT1/phv/m/it' in size <8> not available
(Font)              Font shape `OT1/phv/m/sl' tried instead on input line 68.
LaTeX Font Info:    Font shape `OT1/phv/m/sl' will be
(Font)              scaled to size 7.59998pt on input line 68.
LaTeX Font Info:    Font shape `OT1/phv/m/it' in size <6> not available
(Font)              Font shape `OT1/phv/m/sl' tried instead on input line 68.
LaTeX Font Info:    Font shape `OT1/phv/m/sl' will be
(Font)              scaled to size 5.69998pt on input line 68.
File: banners/uclbannerdarkpurple.pdf Graphic file (type pdf)
<use banners/uclbannerdarkpurple.pdf>
Package pdftex.def Info: banners/uclbannerdarkpurple.pdf  used on input line 68.
(pdftex.def)             Requested size: 364.19536pt x 29.02217pt.
 [5

]
File: banners/uclbannerdarkpurple.pdf Graphic file (type pdf)
<use banners/uclbannerdarkpurple.pdf>
Package pdftex.def Info: banners/uclbannerdarkpurple.pdf  used on input line 68.
(pdftex.def)             Requested size: 364.19536pt x 29.02217pt.
 [6

] (main.toc)
File: banners/uclbannerdarkpurple.pdf Graphic file (type pdf)
<use banners/uclbannerdarkpurple.pdf>
Package pdftex.def Info: banners/uclbannerdarkpurple.pdf  used on input line 71.
(pdftex.def)             Requested size: 364.19536pt x 29.02217pt.
 [7

]
File: banners/uclbannerdarkpurple.pdf Graphic file (type pdf)
<use banners/uclbannerdarkpurple.pdf>
Package pdftex.def Info: banners/uclbannerdarkpurple.pdf  used on input line 83.
(pdftex.def)             Requested size: 364.19536pt x 29.02217pt.
 [8

]
\myBox1=\box99
\myScoreStart1=\dimen378
\myCenter1=\dimen379
\myScoreEnd1=\dimen380
LaTeX Font Info:    Font shape `OT1/phv/m/n' will be
(Font)              scaled to size 4.74998pt on input line 178.
LaTeX Font Info:    Font shape `OT1/phv/m/it' in size <5> not available
(Font)              Font shape `OT1/phv/m/sl' tried instead on input line 178.
LaTeX Font Info:    Font shape `OT1/phv/m/sl' will be
(Font)              scaled to size 4.74998pt on input line 178.
\myBox2=\box100
\myScoreStart2=\dimen381
\myCenter2=\dimen382
\myScoreEnd2=\dimen383
\myBox3=\box101
\myScoreStart3=\dimen384
\myCenter3=\dimen385
\myScoreEnd3=\dimen386

Overfull \hbox (1.31912pt too wide) in paragraph at lines 178--178
 [] 
 []


Overfull \vbox (3.08426pt too high) detected at line 178
 []

File: banners/uclbannerdarkpurple.pdf Graphic file (type pdf)
<use banners/uclbannerdarkpurple.pdf>
Package pdftex.def Info: banners/uclbannerdarkpurple.pdf  used on input line 178.
(pdftex.def)             Requested size: 364.19536pt x 29.02217pt.
[9

]
\myBox4=\box102
\myScoreStart4=\dimen387
\myCenter4=\dimen388
\myScoreEnd4=\dimen389
File: banners/uclbannerdarkpurple.pdf Graphic file (type pdf)
<use banners/uclbannerdarkpurple.pdf>
Package pdftex.def Info: banners/uclbannerdarkpurple.pdf  used on input line 215.
(pdftex.def)             Requested size: 364.19536pt x 29.02217pt.
 [10

]
File: banners/uclbannerdarkpurple.pdf Graphic file (type pdf)
<use banners/uclbannerdarkpurple.pdf>
Package pdftex.def Info: banners/uclbannerdarkpurple.pdf  used on input line 226.
(pdftex.def)             Requested size: 364.19536pt x 29.02217pt.
 [11

]
File: banners/uclbannerdarkpurple.pdf Graphic file (type pdf)
<use banners/uclbannerdarkpurple.pdf>
Package pdftex.def Info: banners/uclbannerdarkpurple.pdf  used on input line 226.
(pdftex.def)             Requested size: 364.19536pt x 29.02217pt.
 [12

]
File: banners/uclbannerdarkpurple.pdf Graphic file (type pdf)
<use banners/uclbannerdarkpurple.pdf>
Package pdftex.def Info: banners/uclbannerdarkpurple.pdf  used on input line 236.
(pdftex.def)             Requested size: 364.19536pt x 29.02217pt.
 [13

]
File: banners/uclbannerdarkpurple.pdf Graphic file (type pdf)
<use banners/uclbannerdarkpurple.pdf>
Package pdftex.def Info: banners/uclbannerdarkpurple.pdf  used on input line 267.
(pdftex.def)             Requested size: 364.19536pt x 29.02217pt.
 [14

]
File: banners/uclbannerdarkpurple.pdf Graphic file (type pdf)
<use banners/uclbannerdarkpurple.pdf>
Package pdftex.def Info: banners/uclbannerdarkpurple.pdf  used on input line 267.
(pdftex.def)             Requested size: 364.19536pt x 29.02217pt.
 [15

]
File: banners/uclbannerdarkpurple.pdf Graphic file (type pdf)
<use banners/uclbannerdarkpurple.pdf>
Package pdftex.def Info: banners/uclbannerdarkpurple.pdf  used on input line 267.
(pdftex.def)             Requested size: 364.19536pt x 29.02217pt.
 [16

]
File: banners/uclbannerdarkpurple.pdf Graphic file (type pdf)
<use banners/uclbannerdarkpurple.pdf>
Package pdftex.def Info: banners/uclbannerdarkpurple.pdf  used on input line 278.
(pdftex.def)             Requested size: 364.19536pt x 29.02217pt.
 [17

]
File: banners/uclbannerdarkpurple.pdf Graphic file (type pdf)
<use banners/uclbannerdarkpurple.pdf>
Package pdftex.def Info: banners/uclbannerdarkpurple.pdf  used on input line 289.
(pdftex.def)             Requested size: 364.19536pt x 29.02217pt.
 [18

]
File: banners/uclbannerdarkpurple.pdf Graphic file (type pdf)
<use banners/uclbannerdarkpurple.pdf>
Package pdftex.def Info: banners/uclbannerdarkpurple.pdf  used on input line 300.
(pdftex.def)             Requested size: 364.19536pt x 29.02217pt.
 [19

]
File: banners/uclbannerdarkpurple.pdf Graphic file (type pdf)
<use banners/uclbannerdarkpurple.pdf>
Package pdftex.def Info: banners/uclbannerdarkpurple.pdf  used on input line 311.
(pdftex.def)             Requested size: 364.19536pt x 29.02217pt.
 [20

]
File: banners/uclbannerdarkpurple.pdf Graphic file (type pdf)
<use banners/uclbannerdarkpurple.pdf>
Package pdftex.def Info: banners/uclbannerdarkpurple.pdf  used on input line 329.
(pdftex.def)             Requested size: 364.19536pt x 29.02217pt.
 [21

]
\myBox5=\box103
\myScoreStart5=\dimen390
\myCenter5=\dimen391
\myScoreEnd5=\dimen392
File: banners/uclbannerdarkpurple.pdf Graphic file (type pdf)
<use banners/uclbannerdarkpurple.pdf>
Package pdftex.def Info: banners/uclbannerdarkpurple.pdf  used on input line 340.
(pdftex.def)             Requested size: 364.19536pt x 29.02217pt.
 [22

]
File: banners/uclbannerdarkpurple.pdf Graphic file (type pdf)
<use banners/uclbannerdarkpurple.pdf>
Package pdftex.def Info: banners/uclbannerdarkpurple.pdf  used on input line 354.
(pdftex.def)             Requested size: 364.19536pt x 29.02217pt.
 [23

]
File: banners/uclbannerdarkpurple.pdf Graphic file (type pdf)
<use banners/uclbannerdarkpurple.pdf>
Package pdftex.def Info: banners/uclbannerdarkpurple.pdf  used on input line 354.
(pdftex.def)             Requested size: 364.19536pt x 29.02217pt.
 [24

]
File: banners/uclbannerdarkpurple.pdf Graphic file (type pdf)
<use banners/uclbannerdarkpurple.pdf>
Package pdftex.def Info: banners/uclbannerdarkpurple.pdf  used on input line 366.
(pdftex.def)             Requested size: 364.19536pt x 29.02217pt.
 [25

] (main.toc)
File: banners/uclbannerdarkpurple.pdf Graphic file (type pdf)
<use banners/uclbannerdarkpurple.pdf>
Package pdftex.def Info: banners/uclbannerdarkpurple.pdf  used on input line 369.
(pdftex.def)             Requested size: 364.19536pt x 29.02217pt.
 [26

]
File: banners/uclbannerdarkpurple.pdf Graphic file (type pdf)
<use banners/uclbannerdarkpurple.pdf>
Package pdftex.def Info: banners/uclbannerdarkpurple.pdf  used on input line 382.
(pdftex.def)             Requested size: 364.19536pt x 29.02217pt.
 [27

]
File: banners/uclbannerdarkpurple.pdf Graphic file (type pdf)
<use banners/uclbannerdarkpurple.pdf>
Package pdftex.def Info: banners/uclbannerdarkpurple.pdf  used on input line 394.
(pdftex.def)             Requested size: 364.19536pt x 29.02217pt.
 [28

]
File: banners/uclbannerdarkpurple.pdf Graphic file (type pdf)
<use banners/uclbannerdarkpurple.pdf>
Package pdftex.def Info: banners/uclbannerdarkpurple.pdf  used on input line 409.
(pdftex.def)             Requested size: 364.19536pt x 29.02217pt.
 [29

]
File: banners/uclbannerdarkpurple.pdf Graphic file (type pdf)
<use banners/uclbannerdarkpurple.pdf>
Package pdftex.def Info: banners/uclbannerdarkpurple.pdf  used on input line 424.
(pdftex.def)             Requested size: 364.19536pt x 29.02217pt.
 [30

]
File: banners/uclbannerdarkpurple.pdf Graphic file (type pdf)
<use banners/uclbannerdarkpurple.pdf>
Package pdftex.def Info: banners/uclbannerdarkpurple.pdf  used on input line 442.
(pdftex.def)             Requested size: 364.19536pt x 29.02217pt.
 [31

]
File: banners/uclbannerdarkpurple.pdf Graphic file (type pdf)
<use banners/uclbannerdarkpurple.pdf>
Package pdftex.def Info: banners/uclbannerdarkpurple.pdf  used on input line 442.
(pdftex.def)             Requested size: 364.19536pt x 29.02217pt.
 [32

]
LaTeX Font Info:    Font shape `OT1/phv/m/n' will be
(Font)              scaled to size 6.64998pt on input line 450.
LaTeX Font Info:    Font shape `OT1/phv/m/it' in size <14.4> not available
(Font)              Font shape `OT1/phv/m/sl' tried instead on input line 450.
LaTeX Font Info:    Font shape `OT1/phv/m/sl' will be
(Font)              scaled to size 13.67995pt on input line 450.
LaTeX Font Info:    Font shape `OT1/phv/m/it' in size <10> not available
(Font)              Font shape `OT1/phv/m/sl' tried instead on input line 450.
LaTeX Font Info:    Font shape `OT1/phv/m/sl' will be
(Font)              scaled to size 9.49997pt on input line 450.
LaTeX Font Info:    Font shape `OT1/phv/m/it' in size <7> not available
(Font)              Font shape `OT1/phv/m/sl' tried instead on input line 450.
LaTeX Font Info:    Font shape `OT1/phv/m/sl' will be
(Font)              scaled to size 6.64998pt on input line 450.
File: banners/uclbannerdarkpurple.pdf Graphic file (type pdf)
<use banners/uclbannerdarkpurple.pdf>
Package pdftex.def Info: banners/uclbannerdarkpurple.pdf  used on input line 450.
(pdftex.def)             Requested size: 364.19536pt x 29.02217pt.
 [33

]
File: banners/uclbannerdarkpurple.pdf Graphic file (type pdf)
<use banners/uclbannerdarkpurple.pdf>
Package pdftex.def Info: banners/uclbannerdarkpurple.pdf  used on input line 450.
(pdftex.def)             Requested size: 364.19536pt x 29.02217pt.
 [34

]
File: banners/uclbannerdarkpurple.pdf Graphic file (type pdf)
<use banners/uclbannerdarkpurple.pdf>
Package pdftex.def Info: banners/uclbannerdarkpurple.pdf  used on input line 462.
(pdftex.def)             Requested size: 364.19536pt x 29.02217pt.
 [35

]
File: banners/uclbannerdarkpurple.pdf Graphic file (type pdf)
<use banners/uclbannerdarkpurple.pdf>
Package pdftex.def Info: banners/uclbannerdarkpurple.pdf  used on input line 474.
(pdftex.def)             Requested size: 364.19536pt x 29.02217pt.
 [36

]
File: banners/uclbannerdarkpurple.pdf Graphic file (type pdf)
<use banners/uclbannerdarkpurple.pdf>
Package pdftex.def Info: banners/uclbannerdarkpurple.pdf  used on input line 474.
(pdftex.def)             Requested size: 364.19536pt x 29.02217pt.
 [37

]
File: banners/uclbannerdarkpurple.pdf Graphic file (type pdf)
<use banners/uclbannerdarkpurple.pdf>
Package pdftex.def Info: banners/uclbannerdarkpurple.pdf  used on input line 493.
(pdftex.def)             Requested size: 364.19536pt x 29.02217pt.
 [38

]
File: banners/uclbannerdarkpurple.pdf Graphic file (type pdf)
<use banners/uclbannerdarkpurple.pdf>
Package pdftex.def Info: banners/uclbannerdarkpurple.pdf  used on input line 493.
(pdftex.def)             Requested size: 364.19536pt x 29.02217pt.
 [39

]
File: banners/uclbannerdarkpurple.pdf Graphic file (type pdf)
<use banners/uclbannerdarkpurple.pdf>
Package pdftex.def Info: banners/uclbannerdarkpurple.pdf  used on input line 493.
(pdftex.def)             Requested size: 364.19536pt x 29.02217pt.
 [40

]
File: banners/uclbannerdarkpurple.pdf Graphic file (type pdf)
<use banners/uclbannerdarkpurple.pdf>
Package pdftex.def Info: banners/uclbannerdarkpurple.pdf  used on input line 493.
(pdftex.def)             Requested size: 364.19536pt x 29.02217pt.
 [41

]
File: banners/uclbannerdarkpurple.pdf Graphic file (type pdf)
<use banners/uclbannerdarkpurple.pdf>
Package pdftex.def Info: banners/uclbannerdarkpurple.pdf  used on input line 493.
(pdftex.def)             Requested size: 364.19536pt x 29.02217pt.
 [42

]
File: banners/uclbannerdarkpurple.pdf Graphic file (type pdf)
<use banners/uclbannerdarkpurple.pdf>
Package pdftex.def Info: banners/uclbannerdarkpurple.pdf  used on input line 508.
(pdftex.def)             Requested size: 364.19536pt x 29.02217pt.
 [43

]
File: banners/uclbannerdarkpurple.pdf Graphic file (type pdf)
<use banners/uclbannerdarkpurple.pdf>
Package pdftex.def Info: banners/uclbannerdarkpurple.pdf  used on input line 508.
(pdftex.def)             Requested size: 364.19536pt x 29.02217pt.
 [44

] (main.toc)
File: banners/uclbannerdarkpurple.pdf Graphic file (type pdf)
<use banners/uclbannerdarkpurple.pdf>
Package pdftex.def Info: banners/uclbannerdarkpurple.pdf  used on input line 510.
(pdftex.def)             Requested size: 364.19536pt x 29.02217pt.
 [45

]
File: banners/uclbannerdarkpurple.pdf Graphic file (type pdf)
<use banners/uclbannerdarkpurple.pdf>
Package pdftex.def Info: banners/uclbannerdarkpurple.pdf  used on input line 520.
(pdftex.def)             Requested size: 364.19536pt x 29.02217pt.
 [46

]
File: banners/uclbannerdarkpurple.pdf Graphic file (type pdf)
<use banners/uclbannerdarkpurple.pdf>
Package pdftex.def Info: banners/uclbannerdarkpurple.pdf  used on input line 520.
(pdftex.def)             Requested size: 364.19536pt x 29.02217pt.
 [47

]
File: banners/uclbannerdarkpurple.pdf Graphic file (type pdf)
<use banners/uclbannerdarkpurple.pdf>
Package pdftex.def Info: banners/uclbannerdarkpurple.pdf  used on input line 557.
(pdftex.def)             Requested size: 364.19536pt x 29.02217pt.
 [48

]
File: banners/uclbannerdarkpurple.pdf Graphic file (type pdf)
<use banners/uclbannerdarkpurple.pdf>
Package pdftex.def Info: banners/uclbannerdarkpurple.pdf  used on input line 577.
(pdftex.def)             Requested size: 364.19536pt x 29.02217pt.
 [49

]
File: banners/uclbannerdarkpurple.pdf Graphic file (type pdf)
<use banners/uclbannerdarkpurple.pdf>
Package pdftex.def Info: banners/uclbannerdarkpurple.pdf  used on input line 589.
(pdftex.def)             Requested size: 364.19536pt x 29.02217pt.
 [50

]
File: banners/uclbannerdarkpurple.pdf Graphic file (type pdf)
<use banners/uclbannerdarkpurple.pdf>
Package pdftex.def Info: banners/uclbannerdarkpurple.pdf  used on input line 596.
(pdftex.def)             Requested size: 364.19536pt x 29.02217pt.
 [51

]
File: banners/uclbannerdarkpurple.pdf Graphic file (type pdf)
<use banners/uclbannerdarkpurple.pdf>
Package pdftex.def Info: banners/uclbannerdarkpurple.pdf  used on input line 606.
(pdftex.def)             Requested size: 364.19536pt x 29.02217pt.
 [52

]
File: banners/uclbannerdarkpurple.pdf Graphic file (type pdf)
<use banners/uclbannerdarkpurple.pdf>
Package pdftex.def Info: banners/uclbannerdarkpurple.pdf  used on input line 615.
(pdftex.def)             Requested size: 364.19536pt x 29.02217pt.
 [53

]
File: banners/uclbannerdarkpurple.pdf Graphic file (type pdf)
<use banners/uclbannerdarkpurple.pdf>
Package pdftex.def Info: banners/uclbannerdarkpurple.pdf  used on input line 637.
(pdftex.def)             Requested size: 364.19536pt x 29.02217pt.
 [54

]
File: banners/uclbannerdarkpurple.pdf Graphic file (type pdf)
<use banners/uclbannerdarkpurple.pdf>
Package pdftex.def Info: banners/uclbannerdarkpurple.pdf  used on input line 637.
(pdftex.def)             Requested size: 364.19536pt x 29.02217pt.
 [55

]
File: banners/uclbannerdarkpurple.pdf Graphic file (type pdf)
<use banners/uclbannerdarkpurple.pdf>
Package pdftex.def Info: banners/uclbannerdarkpurple.pdf  used on input line 637.
(pdftex.def)             Requested size: 364.19536pt x 29.02217pt.
 [56

]
File: banners/uclbannerdarkpurple.pdf Graphic file (type pdf)
<use banners/uclbannerdarkpurple.pdf>
Package pdftex.def Info: banners/uclbannerdarkpurple.pdf  used on input line 637.
(pdftex.def)             Requested size: 364.19536pt x 29.02217pt.
 [57

]
File: banners/uclbannerdarkpurple.pdf Graphic file (type pdf)
<use banners/uclbannerdarkpurple.pdf>
Package pdftex.def Info: banners/uclbannerdarkpurple.pdf  used on input line 637.
(pdftex.def)             Requested size: 364.19536pt x 29.02217pt.
 [58

]
File: banners/uclbannerdarkpurple.pdf Graphic file (type pdf)
<use banners/uclbannerdarkpurple.pdf>
Package pdftex.def Info: banners/uclbannerdarkpurple.pdf  used on input line 644.
(pdftex.def)             Requested size: 364.19536pt x 29.02217pt.
 [59

]
File: banners/uclbannerdarkpurple.pdf Graphic file (type pdf)
<use banners/uclbannerdarkpurple.pdf>
Package pdftex.def Info: banners/uclbannerdarkpurple.pdf  used on input line 666.
(pdftex.def)             Requested size: 364.19536pt x 29.02217pt.
 [60

]
LaTeX Font Info:    Font shape `OT1/phv/b/n' will be
(Font)              scaled to size 10.40245pt on input line 676.
File: banners/uclbannerdarkpurple.pdf Graphic file (type pdf)
<use banners/uclbannerdarkpurple.pdf>
Package pdftex.def Info: banners/uclbannerdarkpurple.pdf  used on input line 676.
(pdftex.def)             Requested size: 364.19536pt x 29.02217pt.
 [61

]
File: banners/uclbannerdarkpurple.pdf Graphic file (type pdf)
<use banners/uclbannerdarkpurple.pdf>
Package pdftex.def Info: banners/uclbannerdarkpurple.pdf  used on input line 676.
(pdftex.def)             Requested size: 364.19536pt x 29.02217pt.
 [62

]
File: banners/uclbannerdarkpurple.pdf Graphic file (type pdf)
<use banners/uclbannerdarkpurple.pdf>
Package pdftex.def Info: banners/uclbannerdarkpurple.pdf  used on input line 676.
(pdftex.def)             Requested size: 364.19536pt x 29.02217pt.
 [63

]
File: banners/uclbannerdarkpurple.pdf Graphic file (type pdf)
<use banners/uclbannerdarkpurple.pdf>
Package pdftex.def Info: banners/uclbannerdarkpurple.pdf  used on input line 676.
(pdftex.def)             Requested size: 364.19536pt x 29.02217pt.
 [64

]
<./images/dosthanks2.png, id=508, 541.27219pt x 121.95563pt>
File: ./images/dosthanks2.png Graphic file (type png)
<use ./images/dosthanks2.png>
Package pdftex.def Info: ./images/dosthanks2.png  used on input line 685.
(pdftex.def)             Requested size: 333.53542pt x 75.15205pt.
File: banners/uclbannerdarkpurple.pdf Graphic file (type pdf)
<use banners/uclbannerdarkpurple.pdf>
Package pdftex.def Info: banners/uclbannerdarkpurple.pdf  used on input line 685.
(pdftex.def)             Requested size: 364.19536pt x 29.02217pt.
 [65

 <./images/dosthanks2.png>] (main.bbl)
File: banners/uclbannerdarkpurple.pdf Graphic file (type pdf)
<use banners/uclbannerdarkpurple.pdf>
Package pdftex.def Info: banners/uclbannerdarkpurple.pdf  used on input line 700.
(pdftex.def)             Requested size: 364.19536pt x 29.02217pt.
 [66

 <C:/Users/ybuzo/AppData/Local/Programs/MiKTeX/tex/latex/beamer/beamericonarticle.pdf>]
File: banners/uclbannerdarkpurple.pdf Graphic file (type pdf)
<use banners/uclbannerdarkpurple.pdf>
Package pdftex.def Info: banners/uclbannerdarkpurple.pdf  used on input line 700.
(pdftex.def)             Requested size: 364.19536pt x 29.02217pt.
 [67


]
File: banners/uclbannerdarkpurple.pdf Graphic file (type pdf)
<use banners/uclbannerdarkpurple.pdf>
Package pdftex.def Info: banners/uclbannerdarkpurple.pdf  used on input line 700.
(pdftex.def)             Requested size: 364.19536pt x 29.02217pt.
 [68


]
\tf@nav=\write7
\openout7 = `main.nav'.

\tf@toc=\write8
\openout8 = `main.toc'.

\tf@snm=\write9
\openout9 = `main.snm'.

 (main.aux)
 ***********
LaTeX2e <2023-06-01> patch level 1
L3 programming layer <2023-06-16>
 ***********
Package rerunfilecheck Info: File `main.out' has not changed.
(rerunfilecheck)             Checksum: D63A83FC7A0088BC6F31B04FE3CE3F2B;886.
 ) 
Here is how much of TeX's memory you used:
 29760 strings out of 476037
 581900 string characters out of 5779846
 1874763 words of memory out of 5000000
 49673 multiletter control sequences out of 15000+600000
 556206 words of font info for 139 fonts, out of 8000000 for 9000
 1141 hyphenation exceptions out of 8191
 128i,15n,123p,912b,686s stack positions out of 10000i,1000n,20000p,200000b,200000s
 <C:\Users\ybuzo\AppData\Local\MiKTeX\fonts/pk/ljfour/public/bbold/dpi657\bbold10.pk><C:/Users/ybuzo/AppData/Local/Programs/MiKTeX/fonts/type1/public/amsfonts/cm/cmmi7.pfb><C:/Users/ybuzo/AppData/Local/Programs/MiKTeX/fonts/type1/public/amsfonts/cm/cmss10.pfb><C:/Users/ybuzo/AppData/Local/Programs/MiKTeX/fonts/type1/public/amsfonts/cm/cmss8.pfb><C:/Users/ybuzo/AppData/Local/Programs/MiKTeX/fonts/type1/public/amsfonts/cm/cmsy10.pfb><C:/Users/ybuzo/AppData/Local/Programs/MiKTeX/fonts/type1/public/amsfonts/cm/cmsy7.pfb><C:/Users/ybuzo/AppData/Local/Programs/MiKTeX/fonts/type1/public/amsfonts/euler/eufm10.pfb><C:/Users/ybuzo/AppData/Local/Programs/MiKTeX/fonts/type1/public/amsfonts/euler/eufm7.pfb><C:/Users/ybuzo/AppData/Local/Programs/MiKTeX/fonts/type1/public/amsfonts/euler/eurm10.pfb><C:/Users/ybuzo/AppData/Local/Programs/MiKTeX/fonts/type1/public/amsfonts/euler/eurm7.pfb><C:/Users/ybuzo/AppData/Local/Programs/MiKTeX/fonts/type1/public/amsfonts/euler/eusm10.pfb><C:/Users/ybuzo/AppData/Local/Programs/MiKTeX/fonts/type1/public/amsfonts/symbols/msam10.pfb><C:/Users/ybuzo/AppData/Local/Programs/MiKTeX/fonts/type1/public/amsfonts/symbols/msam7.pfb><C:/Users/ybuzo/AppData/Local/Programs/MiKTeX/fonts/type1/public/amsfonts/symbols/msbm10.pfb><C:/Users/ybuzo/AppData/Local/Programs/MiKTeX/fonts/type1/public/amsfonts/symbols/msbm7.pfb><C:/Users/ybuzo/AppData/Local/Programs/MiKTeX/fonts/type1/public/rsfs/rsfs10.pfb><C:/Users/ybuzo/AppData/Local/Programs/MiKTeX/fonts/type1/urw/helvetic/uhvb8a.pfb><C:/Users/ybuzo/AppData/Local/Programs/MiKTeX/fonts/type1/urw/helvetic/uhvr8a.pfb><C:/Users/ybuzo/AppData/Local/Programs/MiKTeX/fonts/type1/urw/helvetic/uhvro8a.pfb>
Output written on main.pdf (68 pages, 277217 bytes).
PDF statistics:
 667 PDF objects out of 1000 (max. 8388607)
 150 named destinations out of 1000 (max. 500000)
 98 words of extra memory for PDF output out of 10000 (max. 10000000)

